#
# A fatal error has been detected by the Java Runtime Environment:
#
#  EXCEPTION_ACCESS_VIOLATION (0xc0000005) at pc=0x000001d052f399ea, pid=14856, tid=11144
#
# JRE version: OpenJDK Runtime Environment Temurin-17.0.4.1+1 (17.0.4.1+1) (build 17.0.4.1+1)
# Java VM: OpenJDK 64-Bit Server VM Temurin-17.0.4.1+1 (17.0.4.1+1, mixed mode, tiered, compressed oops, compressed class ptrs, g1 gc, windows-amd64)
# Problematic frame:
# j  com.sun.javafx.scene.NodeHelper.updatePeer(Ljavafx/scene/Node;)V+5 javafx.graphics@21
#
# No core dump will be written. Minidumps are not enabled by default on client versions of Windows
#
# If you would like to submit a bug report, please visit:
#   https://github.com/adoptium/adoptium-support/issues
#

---------------  S U M M A R Y ------------

Command Line: -Dfile.encoding=UTF-8 --module-path=C:\Users\Sonny\eclipse-workspace\CWS_Application\bin;C:\Users\Sonny\.eclipse\org.eclipse.platform_4.25.0_532734418_win32_win32_x86_64\plugins\org.eclipse.fx.ide.css.jfx8_3.8.0.202204150904.jar;D:\Logiciels\openjfx-21_windows-x64_bin-sdk\javafx-sdk-21\lib\javafx.base.jar;D:\Logiciels\openjfx-21_windows-x64_bin-sdk\javafx-sdk-21\lib\javafx.controls.jar;D:\Logiciels\openjfx-21_windows-x64_bin-sdk\javafx-sdk-21\lib\javafx.fxml.jar;D:\Logiciels\openjfx-21_windows-x64_bin-sdk\javafx-sdk-21\lib\javafx.graphics.jar;D:\Logiciels\openjfx-21_windows-x64_bin-sdk\javafx-sdk-21\lib\javafx.media.jar;D:\Logiciels\openjfx-21_windows-x64_bin-sdk\javafx-sdk-21\lib\javafx.swing.jar;D:\Logiciels\openjfx-21_windows-x64_bin-sdk\javafx-sdk-21\lib\javafx.web.jar;D:\Logiciels\openjfx-21_windows-x64_bin-sdk\javafx-sdk-21\lib\javafx-swt.jar;C:\Users\Sonny\Downloads\Desktop-Gmail-application-in-JavaFX-master\Desktop-Gmail-application-in-JavaFX-master\Desktop Gmail Apllication\src\desktop\gmail\apllication\libs\activation.jar;C:\Users\Sonny\Downloads\Desktop-Gmail-application-in-JavaFX-master\Desktop-Gmail-application-in-JavaFX-master\Desktop Gmail Apllication\src\desktop\gmail\apllication\libs\javax.mail.jar;C:\Users\Sonny\Downloads\bytes-1.6.1.jar;C:\Users\Sonny\Downloads\bcrypt-0.10.2.jar;D:\Documents\JavaFX Jar Files\com.mysql.jdbc_5.1.5.jar;D:\Documents\JavaFX Jar Files\itextpdf-5.5.13.3.jar;D:\Documents\JavaFX Font_Awesome\fontawesomefx-8.9.jar;D:\Documents\JavaFX Font_Awesome\jfoenix-9.0.10.jar;D:\Documents\mysql-connector-java-5.1.47\mysql-connector-java-5.1.47\mysql-connector-java-5.1.47-bin.jar -XX:+ShowCodeDetailsInExceptionMessages -Djdk.module.main=CWS_Application CWS_Application/application.Main

Host: AMD A6-3420M APU with Radeon(tm) HD Graphics, 4 cores, 7G,  Windows 11 , 64 bit Build 22000 (10.0.22000.2538)
Time: Sun Feb 25 21:55:16 2024 Afr. centrale Ouest elapsed time: 6.319346 seconds (0d 0h 0m 6s)

---------------  T H R E A D  ---------------

Current thread (0x000001d06aa06a60):  JavaThread "JavaFX Application Thread" [_thread_in_Java, id=11144, stack(0x0000008918c00000,0x0000008918d00000)]

Stack: [0x0000008918c00000,0x0000008918d00000],  sp=0x0000008918cfdd18,  free space=1015k
Native frames: (J=compiled Java code, j=interpreted, Vv=VM code, C=native code)
C  0x000001d052f399ea


siginfo: EXCEPTION_ACCESS_VIOLATION (0xc0000005), reading address 0x0000000080ce8d98


Register to memory mapping:

RIP=0x000001d052f399ea is at code_begin+682 in an Interpreter codelet
invokevirtual  182 invokevirtual  [0x000001d052f39740, 0x000001d052f39be0]  1184 bytes
RAX=0x0 is NULL
RBX=0x000000000000000e is an unknown value
RCX=0x0000000080ce8d90 is an unknown value
RDX=0x0000000090000002 is an unallocated location in the heap
RSP=0x0000008918cfdd18 is pointing into the stack for thread: 0x000001d06aa06a60
RBP=0x0000008918cfdd78 is pointing into the stack for thread: 0x000001d06aa06a60
RSI=0x0000000000000110 is an unknown value
RDI=0x0000000000001bcc is an unknown value
R8 =537067769 is a compressed pointer to class: 0x00000001001807c8
javafx.scene.Node$1 {0x00000001001807d0}
 - instance size:     2
 - klass size:        146
 - access:            synchronized 
 - state:             fully_initialized
 - name:              'javafx/scene/Node$1'
 - super:             'java/lang/Object'
 - sub:               
 - arrays:            NULL
 - methods:           Array<T>(0x000001d06c007a90)
 - method ordering:   Array<T>(0x000001d068c00018)
 - default_methods:   Array<T>(0x0000000000000000)
 - local interfaces:  Array<T>(0x000001d06c00fbb0)
 - trans. interfaces: Array<T>(0x000001d06c00fbb0)
 - constants:         constant pool [191] {0x000001d06c00f548} for 'javafx/scene/Node$1' cache=0x000001d06c011470
 - class loader data:  loader data: 0x000001d0698f5ba0 for instance a 'jdk/internal/loader/ClassLoaders$AppClassLoader'{0x0000000088400cf0}
 - source file:       'Node.java'
 - class annotations:       Array<T>(0x0000000000000000)
 - class type annotations:  Array<T>(0x0000000000000000)
 - field annotations:       Array<T>(0x0000000000000000)
 - field type annotations:  Array<T>(0x0000000000000000)
 - inner classes:     Array<T>(0x000001d06c011430)
 - nest members:     Array<T>(0x000001d068c00028)
 - permitted subclasses:     Array<T>(0x000001d068c00028)
 - java mirror:       a 'java/lang/Class'{0x00000000888813a8} = 'javafx/scene/Node$1'
 - vtable length      45  (start addr: 0x0000000100180990)
 - itable length      44 (start addr: 0x0000000100180af8)
 - ---- static fields (0 words):
 - ---- non-static fields (0 words):
 - non-static oop maps: 
R9 =0x0000000000000005 is an unknown value
R10=0x00007ff8dc01b580 jvm.dll
R11=0x000001d05aae4c20 is at entry_point+0 in (nmethod*)0x000001d05aae4a90
R12=0x0 is NULL
R13=0x000001d06c01267d is pointing into metadata
R14=0x0000008918cfdd88 is pointing into the stack for thread: 0x000001d06aa06a60
R15=0x000001d06aa06a60 is a thread


Registers:
RAX=0x0000000000000000, RBX=0x000000000000000e, RCX=0x0000000080ce8d90, RDX=0x0000000090000002
RSP=0x0000008918cfdd18, RBP=0x0000008918cfdd78, RSI=0x0000000000000110, RDI=0x0000000000001bcc
R8 =0x00000000200300f9, R9 =0x0000000000000005, R10=0x00007ff8dc01b580, R11=0x000001d05aae4c20
R12=0x0000000000000000, R13=0x000001d06c01267d, R14=0x0000008918cfdd88, R15=0x000001d06aa06a60
RIP=0x000001d052f399ea, EFLAGS=0x0000000000010246

Top of Stack: (sp=0x0000008918cfdd18)
0x0000008918cfdd18:   000001d052f294cc 0000000088e76978
0x0000008918cfdd28:   0000000080ce8d90 0000008918cfdd30
0x0000008918cfdd38:   000001d06c01267d 0000008918cfdd88
0x0000008918cfdd48:   000001d06c014670 0000000000000000
0x0000008918cfdd58:   00000000888812d8 000001d06c012688
0x0000008918cfdd68:   0000000000000000 0000008918cfdd88
0x0000008918cfdd78:   0000008918cfddd8 000001d052f294cc
0x0000008918cfdd88:   0000000088e76978 0000008918cfdd90
0x0000008918cfdd98:   000001d06bcf0053 0000008918cfdde8
0x0000008918cfdda8:   000001d06bee8000 0000000000000000
0x0000008918cfddb8:   000000008860e1c8 000001d06bcf0068
0x0000008918cfddc8:   0000008918cfdd88 0000008918cfdde8
0x0000008918cfddd8:   0000008918cfde38 000001d052f294cc
0x0000008918cfdde8:   0000000088e76978 0000008918cfddf0
0x0000008918cfddf8:   000001d06c0104f1 0000008918cfde50
0x0000008918cfde08:   000001d06c011470 0000000000000000 

Instructions: (pc=0x000001d052f399ea)
0x000001d052f398ea:   01 4e 8b 6c ec 08 4d 85 ed 75 07 48 83 48 08 01
0x000001d052f398fa:   eb 4a 45 8b 6d 08 49 c1 e5 03 4c 33 68 08 49 f7
0x000001d052f3990a:   c5 fc ff ff ff 74 35 49 f7 c5 02 00 00 00 75 2c
0x000001d052f3991a:   48 81 78 08 00 00 00 00 74 1e 48 81 78 08 01 00
0x000001d052f3992a:   00 00 74 14 4c 33 68 08 49 f7 c5 fc ff ff ff 74
0x000001d052f3993a:   0b 48 83 48 08 02 eb 04 4c 89 68 08 48 83 c0 10
0x000001d052f3994a:   4c 8b 68 e8 41 83 ed 02 41 83 fd 02 0f 8c 77 00
0x000001d052f3995a:   00 00 4c 8b 6b 08 45 0f b7 6d 2c 4c 2b 28 41 83
0x000001d052f3996a:   ed 01 4e 8b 6c ec 08 4d 85 ed 75 07 48 83 48 08
0x000001d052f3997a:   01 eb 4a 45 8b 6d 08 49 c1 e5 03 4c 33 68 08 49
0x000001d052f3998a:   f7 c5 fc ff ff ff 74 35 49 f7 c5 02 00 00 00 75
0x000001d052f3999a:   2c 48 81 78 08 00 00 00 00 74 1e 48 81 78 08 01
0x000001d052f399aa:   00 00 00 74 14 4c 33 68 08 49 f7 c5 fc ff ff ff
0x000001d052f399ba:   74 0b 48 83 48 08 02 eb 04 4c 89 68 08 48 83 c0
0x000001d052f399ca:   10 4c 8b 68 d8 41 83 ed 04 41 c1 e5 03 49 03 c5
0x000001d052f399da:   48 89 45 d8 4c 8d 6c 24 08 4c 89 6d f0 ff 63 50
0x000001d052f399ea:   8b 41 08 48 c1 e0 03 4c 8b 75 d8 4d 85 f6 0f 84
0x000001d052f399fa:   95 00 00 00 49 8b 56 18 48 3b d0 0f 85 0f 00 00
0x000001d052f39a0a:   00 49 83 46 20 01 49 83 5e 20 00 e9 71 00 00 00
0x000001d052f39a1a:   48 85 d2 0f 84 42 00 00 00 49 8b 56 28 48 3b d0
0x000001d052f39a2a:   0f 85 0f 00 00 00 49 83 46 30 01 49 83 5e 30 00
0x000001d052f39a3a:   e9 4c 00 00 00 48 85 d2 74 0f 49 83 46 08 01 49
0x000001d052f39a4a:   83 5e 08 00 e9 38 00 00 00 49 89 46 28 ba 01 00
0x000001d052f39a5a:   00 00 49 89 56 30 e9 26 00 00 00 49 3b 46 28 0f
0x000001d052f39a6a:   85 0f 00 00 00 49 83 46 30 01 49 83 5e 30 00 e9
0x000001d052f39a7a:   0d 00 00 00 49 89 46 18 ba 01 00 00 00 49 89 56
0x000001d052f39a8a:   20 49 83 c6 38 4c 89 75 d8 48 8b 9c d8 c8 01 00
0x000001d052f39a9a:   00 48 8b 55 d8 48 85 d2 0f 84 23 01 00 00 80 7a
0x000001d052f39aaa:   c8 0b 0f 85 19 01 00 00 48 83 c2 08 4c 8b 6a f8
0x000001d052f39aba:   41 83 ed 00 41 83 fd 02 0f 8c f8 00 00 00 4c 8b
0x000001d052f39aca:   6b 08 45 0f b7 6d 2c 4c 2b 2a 41 83 ed 01 4e 8b
0x000001d052f39ada:   6c ec 08 4d 85 ed 75 07 48 83 4a 08 01 eb 4a 45 


Stack slot to memory mapping:
stack at sp + 0 slots: 0x000001d052f294cc is at code_begin+1100 in an Interpreter codelet
return entry points  [0x000001d052f29080, 0x000001d052f29b60]  2784 bytes
stack at sp + 1 slots: 0x0000000088e76978 is an oop: javafx.scene.shape.SVGPath 
{0x0000000088e76978} - klass: 'javafx/scene/shape/SVGPath'
 - ---- fields (total size 35 words):
 - private 'pendingUpdateBounds' 'Z' @12  false
 - private 'derivedDepthTest' 'Z' @13  true
 - private 'transformDirty' 'Z' @14  true
 - 'boundsChanged' 'Z' @15  false
 - private 'geomBoundsInvalid' 'Z' @16  true
 - private 'localBoundsInvalid' 'Z' @17  true
 - private 'txBoundsInvalid' 'Z' @18  true
 - private 'resolvedNodeOrientation' 'B' @19  0
 - private 'treeVisible' 'Z' @20  true
 - private 'canReceiveFocus' 'Z' @21  false
 - private 'nodeHelper' 'Lcom/sun/javafx/scene/NodeHelper;' @24  
[error occurred during error reporting (inspecting top of stack), id 0xc0000005, EXCEPTION_ACCESS_VIOLATION (0xc0000005) at pc=0x00007ff8db82095e]

invokevirtual  182 invokevirtual  [0x000001d052f39740, 0x000001d052f39be0]  1184 bytes
[MachCode]
  0x000001d052f39740: 4883 ec08 | f30f 1104 | 24e9 2500 | 0000 4883 | ec10 f20f | 1104 24e9 | 1700 0000 | 4883 ec10 
  0x000001d052f39760: 4889 0424 | 48c7 4424 | 0800 0000 | 00e9 0100 | 0000 504c | 896d c041 | 0fb7 5501 | 488b 4dd0 
  0x000001d052f39780: c1e2 028b | 5cd1 20c1 | eb18 81e3 | ff00 0000 | 81fb b600 | 0000 0f84 | b000 0000 | bbb6 0000 
  0x000001d052f397a0: 00e8 0500 | 0000 e995 | 0000 0048 | 8bd3 488d | 4424 084c | 896d c049 | 8bcf 4989 | af98 0200 
  0x000001d052f397c0: 0049 8987 | 8802 0000 | 4883 ec20 | f7c4 0f00 | 0000 0f84 | 1a00 0000 | 4883 ec08 | 49ba f028 
  0x000001d052f397e0: 81db f87f | 0000 41ff | d248 83c4 | 08e9 0d00 | 0000 49ba | f028 81db | f87f 0000 | 41ff d248 
  0x000001d052f39800: 83c4 2049 | c787 8802 | 0000 0000 | 0000 49c7 | 8798 0200 | 0000 0000 | 0049 c787 | 9002 0000 
  0x000001d052f39820: 0000 0000 | 4981 7f08 | 0000 0000 | 0f84 0500 | 0000 e9c9 | 76fe ff4c | 8b6d c04c | 8b75 c8c3 
  0x000001d052f39840: 410f b755 | 0148 8b4d | d0c1 e202 | 488b 5cd1 | 308b 54d1 | 388b ca81 | e1ff 0000 | 0048 8b4c 
  0x000001d052f39860: ccf8 448b | eac1 ea1c | 49ba 80b5 | 01dc f87f | 0000 498b | 14d2 5241 | 8bd5 4c8b | 6dc0 8bc2 
  0x000001d052f39880: 81e0 0000 | 1000 0f84 | 5e01 0000 | 483b 0148 | 8b45 d848 | 85c0 0f84 | 1200 0000 | 4883 4008 
  0x000001d052f398a0: 0148 8358 | 0800 4883 | c038 4889 | 45d8 488b | 45d8 4885 | c00f 8423 | 0100 0080 | 78c8 0b0f 
  0x000001d052f398c0: 8519 0100 | 0048 83c0 | 084c 8b68 | f841 83ed | 0041 83fd | 020f 8cf8 | 0000 004c | 8b6b 0845 
  0x000001d052f398e0: 0fb7 6d2c | 4c2b 2841 | 83ed 014e | 8b6c ec08 | 4d85 ed75 | 0748 8348 | 0801 eb4a | 458b 6d08 
  0x000001d052f39900: 49c1 e503 | 4c33 6808 | 49f7 c5fc | ffff ff74 | 3549 f7c5 | 0200 0000 | 752c 4881 | 7808 0000 
  0x000001d052f39920: 0000 741e | 4881 7808 | 0100 0000 | 7414 4c33 | 6808 49f7 | c5fc ffff | ff74 0b48 | 8348 0802 
  0x000001d052f39940: eb04 4c89 | 6808 4883 | c010 4c8b | 68e8 4183 | ed02 4183 | fd02 0f8c | 7700 0000 | 4c8b 6b08 
  0x000001d052f39960: 450f b76d | 2c4c 2b28 | 4183 ed01 | 4e8b 6cec | 084d 85ed | 7507 4883 | 4808 01eb | 4a45 8b6d 
  0x000001d052f39980: 0849 c1e5 | 034c 3368 | 0849 f7c5 | fcff ffff | 7435 49f7 | c502 0000 | 0075 2c48 | 8178 0800 
  0x000001d052f399a0: 0000 0074 | 1e48 8178 | 0801 0000 | 0074 144c | 3368 0849 | f7c5 fcff | ffff 740b | 4883 4808 
  0x000001d052f399c0: 02eb 044c | 8968 0848 | 83c0 104c | 8b68 d841 | 83ed 0441 | c1e5 0349 | 03c5 4889 | 45d8 4c8d 
  0x000001d052f399e0: 6c24 084c | 896d f0ff | 6350 8b41 | 0848 c1e0 | 034c 8b75 | d84d 85f6 | 0f84 9500 | 0000 498b 
  0x000001d052f39a00: 5618 483b | d00f 850f | 0000 0049 | 8346 2001 | 4983 5e20 | 00e9 7100 | 0000 4885 | d20f 8442 
  0x000001d052f39a20: 0000 0049 | 8b56 2848 | 3bd0 0f85 | 0f00 0000 | 4983 4630 | 0149 835e | 3000 e94c | 0000 0048 
  0x000001d052f39a40: 85d2 740f | 4983 4608 | 0149 835e | 0800 e938 | 0000 0049 | 8946 28ba | 0100 0000 | 4989 5630 
  0x000001d052f39a60: e926 0000 | 0049 3b46 | 280f 850f | 0000 0049 | 8346 3001 | 4983 5e30 | 00e9 0d00 | 0000 4989 
  0x000001d052f39a80: 4618 ba01 | 0000 0049 | 8956 2049 | 83c6 384c | 8975 d848 | 8b9c d8c8 | 0100 0048 | 8b55 d848 
  0x000001d052f39aa0: 85d2 0f84 | 2301 0000 | 807a c80b | 0f85 1901 | 0000 4883 | c208 4c8b | 6af8 4183 | ed00 4183 
  0x000001d052f39ac0: fd02 0f8c | f800 0000 | 4c8b 6b08 | 450f b76d | 2c4c 2b2a | 4183 ed01 | 4e8b 6cec | 084d 85ed 
  0x000001d052f39ae0: 7507 4883 | 4a08 01eb | 4a45 8b6d | 0849 c1e5 | 034c 336a | 0849 f7c5 | fcff ffff | 7435 49f7 
  0x000001d052f39b00: c502 0000 | 0075 2c48 | 817a 0800 | 0000 0074 | 1e48 817a | 0801 0000 | 0074 144c | 336a 0849 
  0x000001d052f39b20: f7c5 fcff | ffff 740b | 4883 4a08 | 02eb 044c | 896a 0848 | 83c2 104c | 8b6a e841 | 83ed 0241 
  0x000001d052f39b40: 83fd 020f | 8c77 0000 | 004c 8b6b | 0845 0fb7 | 6d2c 4c2b | 2a41 83ed | 014e 8b6c | ec08 4d85 
  0x000001d052f39b60: ed75 0748 | 834a 0801 | eb4a 458b | 6d08 49c1 | e503 4c33 | 6a08 49f7 | c5fc ffff | ff74 3549 
  0x000001d052f39b80: f7c5 0200 | 0000 752c | 4881 7a08 | 0000 0000 | 741e 4881 | 7a08 0100 | 0000 7414 | 4c33 6a08 
  0x000001d052f39ba0: 49f7 c5fc | ffff ff74 | 0b48 834a | 0802 eb04 | 4c89 6a08 | 4883 c210 | 4c8b 6ad8 | 4183 ed04 
  0x000001d052f39bc0: 41c1 e503 | 4903 d548 | 8955 d84c | 8d6c 2408 | 4c89 6df0 | ff63 5090 | 0000 0000 | 0000 0000 
[/MachCode]

---------------  P R O C E S S  ---------------

Threads class SMR info:
_java_thread_list=0x000001d06fa65ca0, length=20, elements={
0x000001d04f854dc0, 0x000001d068afe4a0, 0x000001d068b02610, 0x000001d068b564d0,
0x000001d068b56e80, 0x000001d068b59840, 0x000001d068b5a1f0, 0x000001d068b5aed0,
0x000001d06957f890, 0x000001d069590610, 0x000001d069617480, 0x000001d069bfbdb0,
0x000001d06a5774a0, 0x000001d06aa10040, 0x000001d06aa06a60, 0x000001d06a405020,
0x000001d06a33f060, 0x000001d06a766e20, 0x000001d06a8df290, 0x000001d06fffe030
}

Java Threads: ( => current thread )
  0x000001d04f854dc0 JavaThread "main" [_thread_blocked, id=14256, stack(0x0000008917100000,0x0000008917200000)]
  0x000001d068afe4a0 JavaThread "Reference Handler" daemon [_thread_blocked, id=1568, stack(0x0000008917800000,0x0000008917900000)]
  0x000001d068b02610 JavaThread "Finalizer" daemon [_thread_blocked, id=9944, stack(0x0000008917900000,0x0000008917a00000)]
  0x000001d068b564d0 JavaThread "Signal Dispatcher" daemon [_thread_blocked, id=14040, stack(0x0000008917a00000,0x0000008917b00000)]
  0x000001d068b56e80 JavaThread "Attach Listener" daemon [_thread_blocked, id=10928, stack(0x0000008917b00000,0x0000008917c00000)]
  0x000001d068b59840 JavaThread "Service Thread" daemon [_thread_blocked, id=13980, stack(0x0000008917c00000,0x0000008917d00000)]
  0x000001d068b5a1f0 JavaThread "Monitor Deflation Thread" daemon [_thread_blocked, id=14844, stack(0x0000008917d00000,0x0000008917e00000)]
  0x000001d068b5aed0 JavaThread "C2 CompilerThread0" daemon [_thread_blocked, id=13468, stack(0x0000008917e00000,0x0000008917f00000)]
  0x000001d06957f890 JavaThread "C1 CompilerThread0" daemon [_thread_blocked, id=6148, stack(0x0000008917f00000,0x0000008918000000)]
  0x000001d069590610 JavaThread "Sweeper thread" daemon [_thread_blocked, id=12928, stack(0x0000008918000000,0x0000008918100000)]
  0x000001d069617480 JavaThread "Common-Cleaner" daemon [_thread_blocked, id=4304, stack(0x0000008918100000,0x0000008918200000)]
  0x000001d069bfbdb0 JavaThread "Notification Thread" daemon [_thread_blocked, id=15036, stack(0x0000008918300000,0x0000008918400000)]
  0x000001d06a5774a0 JavaThread "QuantumRenderer-0" daemon [_thread_blocked, id=13756, stack(0x0000008918800000,0x0000008918900000)]
  0x000001d06aa10040 JavaThread "InvokeLaterDispatcher" daemon [_thread_blocked, id=3032, stack(0x0000008918b00000,0x0000008918c00000)]
=>0x000001d06aa06a60 JavaThread "JavaFX Application Thread" [_thread_in_Java, id=11144, stack(0x0000008918c00000,0x0000008918d00000)]
  0x000001d06a405020 JavaThread "Thread-1" daemon [_thread_in_native, id=1704, stack(0x0000008918200000,0x0000008918300000)]
  0x000001d06a33f060 JavaThread "JavaFX-Launcher" [_thread_blocked, id=12632, stack(0x0000008919300000,0x0000008919400000)]
  0x000001d06a766e20 JavaThread "Abandoned connection cleanup thread" daemon [_thread_blocked, id=14664, stack(0x0000008919500000,0x0000008919600000)]
  0x000001d06a8df290 JavaThread "Prism Font Disposer" daemon [_thread_blocked, id=11868, stack(0x0000008919700000,0x0000008919800000)]
  0x000001d06fffe030 JavaThread "C2 CompilerThread1" daemon [_thread_in_native, id=12748, stack(0x0000008919400000,0x0000008919500000)]

Other Threads:
  0x000001d068af9e50 VMThread "VM Thread" [stack: 0x0000008917700000,0x0000008917800000] [id=4052]
  0x000001d069719970 WatcherThread [stack: 0x0000008918400000,0x0000008918500000] [id=4636]
  0x000001d04f8a9d70 GCTaskThread "GC Thread#0" [stack: 0x0000008917200000,0x0000008917300000] [id=12724]
  0x000001d06a5038a0 GCTaskThread "GC Thread#1" [stack: 0x0000008918500000,0x0000008918600000] [id=6744]
  0x000001d06a1fb3d0 GCTaskThread "GC Thread#2" [stack: 0x0000008918600000,0x0000008918700000] [id=11784]
  0x000001d06a1c5860 GCTaskThread "GC Thread#3" [stack: 0x0000008918700000,0x0000008918800000] [id=13352]
  0x000001d04f8b9c30 ConcurrentGCThread "G1 Main Marker" [stack: 0x0000008917300000,0x0000008917400000] [id=6876]
  0x000001d04f8bbdf0 ConcurrentGCThread "G1 Conc#0" [stack: 0x0000008917400000,0x0000008917500000] [id=11320]
  0x000001d04f926f20 ConcurrentGCThread "G1 Refine#0" [stack: 0x0000008917500000,0x0000008917600000] [id=13052]
  0x000001d04f929ea0 ConcurrentGCThread "G1 Service" [stack: 0x0000008917600000,0x0000008917700000] [id=13196]

Threads with active compile tasks:
C2 CompilerThread1     6691 3148   !   4       javafx.scene.CssStyleHelper::transitionToState (1039 bytes)

VM state: not at safepoint (normal execution)

VM Mutex/Monitor currently owned by a thread: None

Heap address: 0x0000000088400000, size: 1916 MB, Compressed Oops mode: 32-bit

CDS archive(s) not mapped
Compressed class space mapped at: 0x0000000100000000-0x0000000140000000, reserved size: 1073741824
Narrow klass base: 0x0000000000000000, Narrow klass shift: 3, Narrow klass range: 0x140000000

GC Precious Log:
 CPUs: 4 total, 4 available
 Memory: 7657M
 Large Page Support: Disabled
 NUMA Support: Disabled
 Compressed Oops: Enabled (32-bit)
 Heap Region Size: 1M
 Heap Min Capacity: 8M
 Heap Initial Capacity: 120M
 Heap Max Capacity: 1916M
 Pre-touch: Disabled
 Parallel Workers: 4
 Concurrent Workers: 1
 Concurrent Refinement Workers: 4
 Periodic GC: Disabled

Heap:
 garbage-first heap   total 75776K, used 18245K [0x0000000088400000, 0x0000000100000000)
  region size 1024K, 8 young (8192K), 2 survivors (2048K)
 Metaspace       used 27908K, committed 28096K, reserved 1081344K
  class space    used 3633K, committed 3712K, reserved 1048576K

Heap Regions: E=young(eden), S=young(survivor), O=old, HS=humongous(starts), HC=humongous(continues), CS=collection set, F=free, OA=open archive, CA=closed archive, TAMS=top-at-mark-start (previous, next)
|   0|0x0000000088400000, 0x0000000088500000, 0x0000000088500000|100%| O|  |TAMS 0x0000000088500000, 0x0000000088400000| Untracked 
|   1|0x0000000088500000, 0x00000000885b6200, 0x0000000088600000| 71%| O|  |TAMS 0x00000000885b6200, 0x0000000088500000| Untracked 
|   2|0x0000000088600000, 0x0000000088700000, 0x0000000088700000|100%| O|  |TAMS 0x0000000088600000, 0x0000000088600000| Untracked 
|   3|0x0000000088700000, 0x0000000088800000, 0x0000000088800000|100%| O|  |TAMS 0x0000000088700000, 0x0000000088700000| Untracked 
|   4|0x0000000088800000, 0x0000000088900000, 0x0000000088900000|100%| O|  |TAMS 0x0000000088800000, 0x0000000088800000| Untracked 
|   5|0x0000000088900000, 0x0000000088a00000, 0x0000000088a00000|100%| O|  |TAMS 0x0000000088900000, 0x0000000088900000| Untracked 
|   6|0x0000000088a00000, 0x0000000088b00000, 0x0000000088b00000|100%| O|  |TAMS 0x0000000088a00000, 0x0000000088a00000| Untracked 
|   7|0x0000000088b00000, 0x0000000088c00000, 0x0000000088c00000|100%| O|  |TAMS 0x0000000088b00000, 0x0000000088b00000| Untracked 
|   8|0x0000000088c00000, 0x0000000088d00000, 0x0000000088d00000|100%| O|  |TAMS 0x0000000088c00000, 0x0000000088c00000| Untracked 
|   9|0x0000000088d00000, 0x0000000088e00000, 0x0000000088e00000|100%| O|  |TAMS 0x0000000088d00000, 0x0000000088d00000| Untracked 
|  10|0x0000000088e00000, 0x0000000088f00000, 0x0000000088f00000|100%| O|  |TAMS 0x0000000088e00000, 0x0000000088e00000| Untracked 
|  11|0x0000000088f00000, 0x0000000088f1b200, 0x0000000089000000| 10%| O|  |TAMS 0x0000000088f00000, 0x0000000088f00000| Untracked 
|  12|0x0000000089000000, 0x0000000089000000, 0x0000000089100000|  0%| F|  |TAMS 0x0000000089000000, 0x0000000089000000| Untracked 
|  13|0x0000000089100000, 0x0000000089100000, 0x0000000089200000|  0%| F|  |TAMS 0x0000000089100000, 0x0000000089100000| Untracked 
|  14|0x0000000089200000, 0x0000000089200000, 0x0000000089300000|  0%| F|  |TAMS 0x0000000089200000, 0x0000000089200000| Untracked 
|  15|0x0000000089300000, 0x0000000089300000, 0x0000000089400000|  0%| F|  |TAMS 0x0000000089300000, 0x0000000089300000| Untracked 
|  16|0x0000000089400000, 0x0000000089400000, 0x0000000089500000|  0%| F|  |TAMS 0x0000000089400000, 0x0000000089400000| Untracked 
|  17|0x0000000089500000, 0x0000000089600000, 0x0000000089600000|100%| S|CS|TAMS 0x0000000089500000, 0x0000000089500000| Complete 
|  18|0x0000000089600000, 0x0000000089700000, 0x0000000089700000|100%| S|CS|TAMS 0x0000000089600000, 0x0000000089600000| Complete 
|  19|0x0000000089700000, 0x0000000089700000, 0x0000000089800000|  0%| F|  |TAMS 0x0000000089700000, 0x0000000089700000| Untracked 
|  20|0x0000000089800000, 0x0000000089800000, 0x0000000089900000|  0%| F|  |TAMS 0x0000000089800000, 0x0000000089800000| Untracked 
|  21|0x0000000089900000, 0x0000000089900000, 0x0000000089a00000|  0%| F|  |TAMS 0x0000000089900000, 0x0000000089900000| Untracked 
|  22|0x0000000089a00000, 0x0000000089a00000, 0x0000000089b00000|  0%| F|  |TAMS 0x0000000089a00000, 0x0000000089a00000| Untracked 
|  23|0x0000000089b00000, 0x0000000089b00000, 0x0000000089c00000|  0%| F|  |TAMS 0x0000000089b00000, 0x0000000089b00000| Untracked 
|  24|0x0000000089c00000, 0x0000000089c00000, 0x0000000089d00000|  0%| F|  |TAMS 0x0000000089c00000, 0x0000000089c00000| Untracked 
|  25|0x0000000089d00000, 0x0000000089d00000, 0x0000000089e00000|  0%| F|  |TAMS 0x0000000089d00000, 0x0000000089d00000| Untracked 
|  26|0x0000000089e00000, 0x0000000089e00000, 0x0000000089f00000|  0%| F|  |TAMS 0x0000000089e00000, 0x0000000089e00000| Untracked 
|  27|0x0000000089f00000, 0x0000000089f00000, 0x000000008a000000|  0%| F|  |TAMS 0x0000000089f00000, 0x0000000089f00000| Untracked 
|  28|0x000000008a000000, 0x000000008a000000, 0x000000008a100000|  0%| F|  |TAMS 0x000000008a000000, 0x000000008a000000| Untracked 
|  29|0x000000008a100000, 0x000000008a100000, 0x000000008a200000|  0%| F|  |TAMS 0x000000008a100000, 0x000000008a100000| Untracked 
|  30|0x000000008a200000, 0x000000008a200000, 0x000000008a300000|  0%| F|  |TAMS 0x000000008a200000, 0x000000008a200000| Untracked 
|  31|0x000000008a300000, 0x000000008a300000, 0x000000008a400000|  0%| F|  |TAMS 0x000000008a300000, 0x000000008a300000| Untracked 
|  32|0x000000008a400000, 0x000000008a400000, 0x000000008a500000|  0%| F|  |TAMS 0x000000008a400000, 0x000000008a400000| Untracked 
|  33|0x000000008a500000, 0x000000008a500000, 0x000000008a600000|  0%| F|  |TAMS 0x000000008a500000, 0x000000008a500000| Untracked 
|  34|0x000000008a600000, 0x000000008a600000, 0x000000008a700000|  0%| F|  |TAMS 0x000000008a600000, 0x000000008a600000| Untracked 
|  35|0x000000008a700000, 0x000000008a700000, 0x000000008a800000|  0%| F|  |TAMS 0x000000008a700000, 0x000000008a700000| Untracked 
|  36|0x000000008a800000, 0x000000008a800000, 0x000000008a900000|  0%| F|  |TAMS 0x000000008a800000, 0x000000008a800000| Untracked 
|  37|0x000000008a900000, 0x000000008a900000, 0x000000008aa00000|  0%| F|  |TAMS 0x000000008a900000, 0x000000008a900000| Untracked 
|  38|0x000000008aa00000, 0x000000008aa00000, 0x000000008ab00000|  0%| F|  |TAMS 0x000000008aa00000, 0x000000008aa00000| Untracked 
|  39|0x000000008ab00000, 0x000000008ab00000, 0x000000008ac00000|  0%| F|  |TAMS 0x000000008ab00000, 0x000000008ab00000| Untracked 
|  40|0x000000008ac00000, 0x000000008ac00000, 0x000000008ad00000|  0%| F|  |TAMS 0x000000008ac00000, 0x000000008ac00000| Untracked 
|  41|0x000000008ad00000, 0x000000008ad00000, 0x000000008ae00000|  0%| F|  |TAMS 0x000000008ad00000, 0x000000008ad00000| Untracked 
|  42|0x000000008ae00000, 0x000000008ae00000, 0x000000008af00000|  0%| F|  |TAMS 0x000000008ae00000, 0x000000008ae00000| Untracked 
|  43|0x000000008af00000, 0x000000008af00000, 0x000000008b000000|  0%| F|  |TAMS 0x000000008af00000, 0x000000008af00000| Untracked 
|  44|0x000000008b000000, 0x000000008b000000, 0x000000008b100000|  0%| F|  |TAMS 0x000000008b000000, 0x000000008b000000| Untracked 
|  45|0x000000008b100000, 0x000000008b100000, 0x000000008b200000|  0%| F|  |TAMS 0x000000008b100000, 0x000000008b100000| Untracked 
|  46|0x000000008b200000, 0x000000008b200000, 0x000000008b300000|  0%| F|  |TAMS 0x000000008b200000, 0x000000008b200000| Untracked 
|  47|0x000000008b300000, 0x000000008b300000, 0x000000008b400000|  0%| F|  |TAMS 0x000000008b300000, 0x000000008b300000| Untracked 
|  48|0x000000008b400000, 0x000000008b400000, 0x000000008b500000|  0%| F|  |TAMS 0x000000008b400000, 0x000000008b400000| Untracked 
|  49|0x000000008b500000, 0x000000008b500000, 0x000000008b600000|  0%| F|  |TAMS 0x000000008b500000, 0x000000008b500000| Untracked 
|  50|0x000000008b600000, 0x000000008b600000, 0x000000008b700000|  0%| F|  |TAMS 0x000000008b600000, 0x000000008b600000| Untracked 
|  51|0x000000008b700000, 0x000000008b700000, 0x000000008b800000|  0%| F|  |TAMS 0x000000008b700000, 0x000000008b700000| Untracked 
|  52|0x000000008b800000, 0x000000008b800000, 0x000000008b900000|  0%| F|  |TAMS 0x000000008b800000, 0x000000008b800000| Untracked 
|  53|0x000000008b900000, 0x000000008b900000, 0x000000008ba00000|  0%| F|  |TAMS 0x000000008b900000, 0x000000008b900000| Untracked 
|  54|0x000000008ba00000, 0x000000008ba00000, 0x000000008bb00000|  0%| F|  |TAMS 0x000000008ba00000, 0x000000008ba00000| Untracked 
|  55|0x000000008bb00000, 0x000000008bb00000, 0x000000008bc00000|  0%| F|  |TAMS 0x000000008bb00000, 0x000000008bb00000| Untracked 
|  56|0x000000008bc00000, 0x000000008bc00000, 0x000000008bd00000|  0%| F|  |TAMS 0x000000008bc00000, 0x000000008bc00000| Untracked 
|  57|0x000000008bd00000, 0x000000008bd00000, 0x000000008be00000|  0%| F|  |TAMS 0x000000008bd00000, 0x000000008bd00000| Untracked 
|  58|0x000000008be00000, 0x000000008be00000, 0x000000008bf00000|  0%| F|  |TAMS 0x000000008be00000, 0x000000008be00000| Untracked 
|  59|0x000000008bf00000, 0x000000008bf00000, 0x000000008c000000|  0%| F|  |TAMS 0x000000008bf00000, 0x000000008bf00000| Untracked 
|  60|0x000000008c000000, 0x000000008c000000, 0x000000008c100000|  0%| F|  |TAMS 0x000000008c000000, 0x000000008c000000| Untracked 
|  61|0x000000008c100000, 0x000000008c100000, 0x000000008c200000|  0%| F|  |TAMS 0x000000008c100000, 0x000000008c100000| Untracked 
|  62|0x000000008c200000, 0x000000008c200000, 0x000000008c300000|  0%| F|  |TAMS 0x000000008c200000, 0x000000008c200000| Untracked 
|  63|0x000000008c300000, 0x000000008c300000, 0x000000008c400000|  0%| F|  |TAMS 0x000000008c300000, 0x000000008c300000| Untracked 
|  64|0x000000008c400000, 0x000000008c400000, 0x000000008c500000|  0%| F|  |TAMS 0x000000008c400000, 0x000000008c400000| Untracked 
|  65|0x000000008c500000, 0x000000008c500000, 0x000000008c600000|  0%| F|  |TAMS 0x000000008c500000, 0x000000008c500000| Untracked 
|  66|0x000000008c600000, 0x000000008c600000, 0x000000008c700000|  0%| F|  |TAMS 0x000000008c600000, 0x000000008c600000| Untracked 
|  67|0x000000008c700000, 0x000000008c700000, 0x000000008c800000|  0%| F|  |TAMS 0x000000008c700000, 0x000000008c700000| Untracked 
|  93|0x000000008e100000, 0x000000008e180800, 0x000000008e200000| 50%| E|  |TAMS 0x000000008e100000, 0x000000008e100000| Complete 
|  94|0x000000008e200000, 0x000000008e300000, 0x000000008e300000|100%| E|CS|TAMS 0x000000008e200000, 0x000000008e200000| Complete 
|  95|0x000000008e300000, 0x000000008e400000, 0x000000008e400000|100%| E|CS|TAMS 0x000000008e300000, 0x000000008e300000| Complete 
|  96|0x000000008e400000, 0x000000008e500000, 0x000000008e500000|100%| E|CS|TAMS 0x000000008e400000, 0x000000008e400000| Complete 
| 100|0x000000008e800000, 0x000000008e900000, 0x000000008e900000|100%| E|CS|TAMS 0x000000008e800000, 0x000000008e800000| Complete 
| 101|0x000000008e900000, 0x000000008ea00000, 0x000000008ea00000|100%| E|CS|TAMS 0x000000008e900000, 0x000000008e900000| Complete 

Card table byte_map: [0x000001d0622e0000,0x000001d0626a0000] _byte_map_base: 0x000001d061e9e000

Marking Bits (Prev, Next): (CMBitMap*) 0x000001d04f8aa3c0, (CMBitMap*) 0x000001d04f8aa380
 Prev Bits: [0x000001d064850000, 0x000001d066640000)
 Next Bits: [0x000001d062a60000, 0x000001d064850000)

Polling page: 0x000001d04d770000

Metaspace:

Usage:
  Non-class:     23.71 MB used.
      Class:      3.55 MB used.
       Both:     27.25 MB used.

Virtual space:
  Non-class space:       32.00 MB reserved,      23.81 MB ( 74%) committed,  4 nodes.
      Class space:        1.00 GB reserved,       3.62 MB ( <1%) committed,  1 nodes.
             Both:        1.03 GB reserved,      27.44 MB (  3%) committed. 

Chunk freelists:
   Non-Class:  3.50 MB
       Class:  195.00 KB
        Both:  3.69 MB

MaxMetaspaceSize: unlimited
CompressedClassSpaceSize: 1.00 GB
Initial GC threshold: 21.00 MB
Current GC threshold: 35.12 MB
CDS: off
MetaspaceReclaimPolicy: balanced
 - commit_granule_bytes: 65536.
 - commit_granule_words: 8192.
 - virtual_space_node_default_size: 1048576.
 - enlarge_chunks_in_place: 1.
 - new_chunks_are_fully_committed: 0.
 - uncommit_free_chunks: 1.
 - use_allocation_guard: 0.
 - handle_deallocations: 1.


Internal statistics:

num_allocs_failed_limit: 3.
num_arena_births: 192.
num_arena_deaths: 0.
num_vsnodes_births: 5.
num_vsnodes_deaths: 0.
num_space_committed: 439.
num_space_uncommitted: 0.
num_chunks_returned_to_freelist: 3.
num_chunks_taken_from_freelist: 832.
num_chunk_merges: 3.
num_chunk_splits: 604.
num_chunks_enlarged: 480.
num_purges: 0.
num_inconsistent_stats: 0.

CodeHeap 'non-profiled nmethods': size=120000Kb used=1156Kb max_used=1156Kb free=118844Kb
 bounds [0x000001d05a9f0000, 0x000001d05ac60000, 0x000001d061f20000]
CodeHeap 'profiled nmethods': size=120000Kb used=5992Kb max_used=5992Kb free=114007Kb
 bounds [0x000001d0534c0000, 0x000001d053aa0000, 0x000001d05a9f0000]
CodeHeap 'non-nmethods': size=5760Kb used=1420Kb max_used=1483Kb free=4339Kb
 bounds [0x000001d052f20000, 0x000001d053190000, 0x000001d0534c0000]
 total_blobs=4013 nmethods=3227 adapters=698
 compilation: enabled
              stopped_count=0, restarted_count=0
 full_count=0

Compilation events (20 events):
Event: 6.289 Thread 0x000001d06957f890 3247       2       javafx.scene.shape.Rectangle::getHeight (8 bytes)
Event: 6.289 Thread 0x000001d06957f890 nmethod 3247 0x000001d053a98210 code [0x000001d053a983c0, 0x000001d053a98528]
Event: 6.289 Thread 0x000001d06957f890 3248       2       javafx.scene.shape.Rectangle::getArcWidth (19 bytes)
Event: 6.289 Thread 0x000001d06957f890 nmethod 3248 0x000001d053a98610 code [0x000001d053a987c0, 0x000001d053a98968]
Event: 6.295 Thread 0x000001d06957f890 3249       2       com.sun.javafx.collections.VetoableListDecorator$VetoableIteratorDecorator::checkForComodification (25 bytes)
Event: 6.295 Thread 0x000001d06957f890 nmethod 3249 0x000001d053a98a90 code [0x000001d053a98c40, 0x000001d053a98e48]
Event: 6.295 Thread 0x000001d06957f890 3251       2       com.sun.javafx.sg.prism.NGNode::markDirty (22 bytes)
Event: 6.296 Thread 0x000001d06957f890 nmethod 3251 0x000001d053a98f90 code [0x000001d053a99140, 0x000001d053a992e8]
Event: 6.296 Thread 0x000001d06957f890 3250       1       javafx.scene.layout.Background::getOutsets (5 bytes)
Event: 6.296 Thread 0x000001d06957f890 nmethod 3250 0x000001d05ab0b310 code [0x000001d05ab0b4a0, 0x000001d05ab0b578]
Event: 6.296 Thread 0x000001d06957f890 3252       1       java.util.Collections$EmptyList::size (2 bytes)
Event: 6.296 Thread 0x000001d06957f890 nmethod 3252 0x000001d05ab0b610 code [0x000001d05ab0b7a0, 0x000001d05ab0b878]
Event: 6.296 Thread 0x000001d06957f890 3253       2       com.sun.javafx.sg.prism.NGNode::invalidateOpaqueRegion (20 bytes)
Event: 6.296 Thread 0x000001d06957f890 nmethod 3253 0x000001d053a99390 code [0x000001d053a99520, 0x000001d053a99668]
Event: 6.296 Thread 0x000001d06957f890 3254       2       com.sun.javafx.util.Utils::assertionEnabled (25 bytes)
Event: 6.297 Thread 0x000001d06957f890 nmethod 3254 0x000001d053a99790 code [0x000001d053a99920, 0x000001d053a99a18]
Event: 6.297 Thread 0x000001d06957f890 3255       2       com.sun.javafx.scene.NodeHelper::isDirty (11 bytes)
Event: 6.297 Thread 0x000001d06957f890 nmethod 3255 0x000001d053a99a90 code [0x000001d053a99c40, 0x000001d053a99da8]
Event: 6.297 Thread 0x000001d06957f890 3256       2       com.sun.javafx.sg.prism.NGNode::invalidateCache (15 bytes)
Event: 6.297 Thread 0x000001d06957f890 nmethod 3256 0x000001d053a99f10 code [0x000001d053a9a0a0, 0x000001d053a9a1c8]

GC Heap History (14 events):
Event: 1.271 GC heap before
{Heap before GC invocations=0 (full 0):
 garbage-first heap   total 122880K, used 12288K [0x0000000088400000, 0x0000000100000000)
  region size 1024K, 13 young (13312K), 0 survivors (0K)
 Metaspace       used 8368K, committed 8512K, reserved 1056768K
  class space    used 778K, committed 832K, reserved 1048576K
}
Event: 1.279 GC heap after
{Heap after GC invocations=1 (full 0):
 garbage-first heap   total 122880K, used 1607K [0x0000000088400000, 0x0000000100000000)
  region size 1024K, 2 young (2048K), 2 survivors (2048K)
 Metaspace       used 8368K, committed 8512K, reserved 1056768K
  class space    used 778K, committed 832K, reserved 1048576K
}
Event: 2.284 GC heap before
{Heap before GC invocations=1 (full 0):
 garbage-first heap   total 122880K, used 19015K [0x0000000088400000, 0x0000000100000000)
  region size 1024K, 20 young (20480K), 2 survivors (2048K)
 Metaspace       used 14925K, committed 15104K, reserved 1064960K
  class space    used 1645K, committed 1728K, reserved 1048576K
}
Event: 2.293 GC heap after
{Heap after GC invocations=2 (full 0):
 garbage-first heap   total 122880K, used 4676K [0x0000000088400000, 0x0000000100000000)
  region size 1024K, 3 young (3072K), 3 survivors (3072K)
 Metaspace       used 14925K, committed 15104K, reserved 1064960K
  class space    used 1645K, committed 1728K, reserved 1048576K
}
Event: 3.659 GC heap before
{Heap before GC invocations=2 (full 0):
 garbage-first heap   total 122880K, used 22084K [0x0000000088400000, 0x0000000100000000)
  region size 1024K, 21 young (21504K), 3 survivors (3072K)
 Metaspace       used 21239K, committed 21504K, reserved 1073152K
  class space    used 2408K, committed 2560K, reserved 1048576K
}
Event: 3.671 GC heap after
{Heap after GC invocations=3 (full 0):
 garbage-first heap   total 122880K, used 7881K [0x0000000088400000, 0x0000000100000000)
  region size 1024K, 6 young (6144K), 6 survivors (6144K)
 Metaspace       used 21239K, committed 21504K, reserved 1073152K
  class space    used 2408K, committed 2560K, reserved 1048576K
}
Event: 4.326 GC heap before
{Heap before GC invocations=4 (full 0):
 garbage-first heap   total 27648K, used 18121K [0x0000000088400000, 0x0000000100000000)
  region size 1024K, 16 young (16384K), 6 survivors (6144K)
 Metaspace       used 23928K, committed 24192K, reserved 1073152K
  class space    used 2886K, committed 3008K, reserved 1048576K
}
Event: 4.341 GC heap after
{Heap after GC invocations=5 (full 0):
 garbage-first heap   total 27648K, used 8486K [0x0000000088400000, 0x0000000100000000)
  region size 1024K, 1 young (1024K), 1 survivors (1024K)
 Metaspace       used 23928K, committed 24192K, reserved 1073152K
  class space    used 2886K, committed 3008K, reserved 1048576K
}
Event: 4.858 GC heap before
{Heap before GC invocations=5 (full 0):
 garbage-first heap   total 27648K, used 18726K [0x0000000088400000, 0x0000000100000000)
  region size 1024K, 11 young (11264K), 1 survivors (1024K)
 Metaspace       used 26309K, committed 26560K, reserved 1073152K
  class space    used 3475K, committed 3584K, reserved 1048576K
}
Event: 4.863 GC heap after
{Heap after GC invocations=6 (full 0):
 garbage-first heap   total 27648K, used 8884K [0x0000000088400000, 0x0000000100000000)
  region size 1024K, 2 young (2048K), 2 survivors (2048K)
 Metaspace       used 26309K, committed 26560K, reserved 1073152K
  class space    used 3475K, committed 3584K, reserved 1048576K
}
Event: 5.569 GC heap before
{Heap before GC invocations=6 (full 0):
 garbage-first heap   total 27648K, used 19124K [0x0000000088400000, 0x0000000100000000)
  region size 1024K, 12 young (12288K), 2 survivors (2048K)
 Metaspace       used 27370K, committed 27584K, reserved 1081344K
  class space    used 3605K, committed 3712K, reserved 1048576K
}
Event: 5.580 GC heap after
{Heap after GC invocations=7 (full 0):
 garbage-first heap   total 27648K, used 10781K [0x0000000088400000, 0x0000000100000000)
  region size 1024K, 2 young (2048K), 2 survivors (2048K)
 Metaspace       used 27370K, committed 27584K, reserved 1081344K
  class space    used 3605K, committed 3712K, reserved 1048576K
}
Event: 5.906 GC heap before
{Heap before GC invocations=7 (full 0):
 garbage-first heap   total 27648K, used 18973K [0x0000000088400000, 0x0000000100000000)
  region size 1024K, 10 young (10240K), 2 survivors (2048K)
 Metaspace       used 27549K, committed 27776K, reserved 1081344K
  class space    used 3606K, committed 3712K, reserved 1048576K
}
Event: 5.920 GC heap after
{Heap after GC invocations=8 (full 0):
 garbage-first heap   total 75776K, used 13125K [0x0000000088400000, 0x0000000100000000)
  region size 1024K, 2 young (2048K), 2 survivors (2048K)
 Metaspace       used 27549K, committed 27776K, reserved 1081344K
  class space    used 3606K, committed 3712K, reserved 1048576K
}

Deoptimization events (20 events):
Event: 5.924 Thread 0x000001d06aa06a60 DEOPT PACKING pc=0x000001d05aaf79f8 sp=0x0000008918cfd420
Event: 5.924 Thread 0x000001d06aa06a60 DEOPT UNPACKING pc=0x000001d052f7239d sp=0x0000008918cfd3a8 mode 2
Event: 5.924 Thread 0x000001d06aa06a60 Uncommon trap: trap_request=0xffffffd6 fr.pc=0x000001d05aaf79f8 relative=0x00000000000002b8
Event: 5.924 Thread 0x000001d06aa06a60 Uncommon trap: reason=array_check action=maybe_recompile pc=0x000001d05aaf79f8 method=javafx.css.CompoundSelector.applies(Ljavafx/css/Styleable;[Ljava/util/Set;I)Z @ 133 c2
Event: 5.924 Thread 0x000001d06aa06a60 DEOPT PACKING pc=0x000001d05aaf79f8 sp=0x0000008918cfd420
Event: 5.924 Thread 0x000001d06aa06a60 DEOPT UNPACKING pc=0x000001d052f7239d sp=0x0000008918cfd3a8 mode 2
Event: 5.925 Thread 0x000001d06aa06a60 Uncommon trap: trap_request=0xffffffd6 fr.pc=0x000001d05aaf79f8 relative=0x00000000000002b8
Event: 5.925 Thread 0x000001d06aa06a60 Uncommon trap: reason=array_check action=maybe_recompile pc=0x000001d05aaf79f8 method=javafx.css.CompoundSelector.applies(Ljavafx/css/Styleable;[Ljava/util/Set;I)Z @ 133 c2
Event: 5.925 Thread 0x000001d06aa06a60 DEOPT PACKING pc=0x000001d05aaf79f8 sp=0x0000008918cfd420
Event: 5.925 Thread 0x000001d06aa06a60 DEOPT UNPACKING pc=0x000001d052f7239d sp=0x0000008918cfd3a8 mode 2
Event: 5.925 Thread 0x000001d06aa06a60 Uncommon trap: trap_request=0xffffffd6 fr.pc=0x000001d05aaf79f8 relative=0x00000000000002b8
Event: 5.925 Thread 0x000001d06aa06a60 Uncommon trap: reason=array_check action=maybe_recompile pc=0x000001d05aaf79f8 method=javafx.css.CompoundSelector.applies(Ljavafx/css/Styleable;[Ljava/util/Set;I)Z @ 133 c2
Event: 5.925 Thread 0x000001d06aa06a60 DEOPT PACKING pc=0x000001d05aaf79f8 sp=0x0000008918cfd420
Event: 5.925 Thread 0x000001d06aa06a60 DEOPT UNPACKING pc=0x000001d052f7239d sp=0x0000008918cfd3a8 mode 2
Event: 6.005 Thread 0x000001d06aa06a60 DEOPT PACKING pc=0x000001d05392e48c sp=0x0000008918cfd590
Event: 6.005 Thread 0x000001d06aa06a60 DEOPT UNPACKING pc=0x000001d052f72b24 sp=0x0000008918cfca88 mode 0
Event: 6.151 Thread 0x000001d06aa06a60 Uncommon trap: trap_request=0xffffff45 fr.pc=0x000001d05aad343c relative=0x000000000000039c
Event: 6.151 Thread 0x000001d06aa06a60 Uncommon trap: reason=unstable_if action=reinterpret pc=0x000001d05aad343c method=java.util.WeakHashMap.expungeStaleEntries()V @ 9 c2
Event: 6.151 Thread 0x000001d06aa06a60 DEOPT PACKING pc=0x000001d05aad343c sp=0x0000008918cfd900
Event: 6.151 Thread 0x000001d06aa06a60 DEOPT UNPACKING pc=0x000001d052f7239d sp=0x0000008918cfd7c8 mode 2

Classes unloaded (0 events):
No events

Classes redefined (0 events):
No events

Internal exceptions (20 events):
Event: 2.004 Thread 0x000001d06aa06a60 Exception <a 'java/lang/NullPointerException'{0x000000008f09b3c0}> (0x000000008f09b3c0) 
thrown [s\src\hotspot\share\interpreter\linkResolver.cpp, line 1350]
Event: 2.112 Thread 0x000001d06aa06a60 Exception <a 'java/lang/ClassNotFoundException'{0x000000008ece34e8}: com/sun/glass/ui/win/themes> (0x000000008ece34e8) 
thrown [s\src\hotspot\share\prims\jni.cpp, line 535]
Event: 2.116 Thread 0x000001d06aa06a60 Exception <a 'java/lang/ClassNotFoundException'{0x000000008ecef920}: com/sun/glass/ui/win/themes_fr> (0x000000008ecef920) 
thrown [s\src\hotspot\share\prims\jni.cpp, line 535]
Event: 2.117 Thread 0x000001d06aa06a60 Exception <a 'java/lang/ClassNotFoundException'{0x000000008ecf39d8}: com/sun/glass/ui/win/themes_fr_FR> (0x000000008ecf39d8) 
thrown [s\src\hotspot\share\prims\jni.cpp, line 535]
Event: 2.332 Thread 0x000001d06aa06a60 Exception <a 'java/lang/NoSuchMethodError'{0x000000008fa96ad8}: 'void java.lang.invoke.DirectMethodHandle$Holder.invokeStaticInit(java.lang.Object, java.lang.Object)'> (0x000000008fa96ad8) 
thrown [s\src\hotspot\share\interpreter\linkResolver.cpp, line 759]
Event: 2.660 Thread 0x000001d06aa06a60 Exception <a 'sun/nio/fs/WindowsException'{0x000000008f4e6a10}> (0x000000008f4e6a10) 
thrown [s\src\hotspot\share\prims\jni.cpp, line 516]
Event: 2.894 Thread 0x000001d06aa06a60 Exception <a 'sun/nio/fs/WindowsException'{0x000000008f1fc020}> (0x000000008f1fc020) 
thrown [s\src\hotspot\share\prims\jni.cpp, line 516]
Event: 3.427 Thread 0x000001d06aa06a60 Exception <a 'java/lang/ClassNotFoundException'{0x000000008eb91e50}: jdk/net/ExtendedSocketOptions> (0x000000008eb91e50) 
thrown [s\src\hotspot\share\classfile\systemDictionary.cpp, line 256]
Event: 3.803 Thread 0x000001d06aa06a60 Exception <a 'sun/nio/fs/WindowsException'{0x000000008966b478}> (0x000000008966b478) 
thrown [s\src\hotspot\share\prims\jni.cpp, line 516]
Event: 3.831 Thread 0x000001d06aa06a60 Exception <a 'java/io/FileNotFoundException'{0x0000000089688300}> (0x0000000089688300) 
thrown [s\src\hotspot\share\prims\jni.cpp, line 516]
Event: 4.198 Thread 0x000001d06aa06a60 Implicit null exception at 0x000001d05aa42c8f to 0x000001d05aa430cc
Event: 4.198 Thread 0x000001d06aa06a60 Implicit null exception at 0x000001d05aa22758 to 0x000001d05aa227ea
Event: 4.199 Thread 0x000001d06aa06a60 Implicit null exception at 0x000001d05aa3c10c to 0x000001d05aa3c570
Event: 4.345 Thread 0x000001d06aa06a60 Exception <a 'java/lang/ClassNotFoundException'{0x000000008e909b98}: com/sun/javafx/scene/control/skin/resources/controls> (0x000000008e909b98) 
thrown [s\src\hotspot\share\prims\jni.cpp, line 535]
Event: 4.348 Thread 0x000001d06aa06a60 Exception <a 'java/lang/ClassNotFoundException'{0x000000008e917fc8}: com/sun/javafx/scene/control/skin/resources/controls_fr> (0x000000008e917fc8) 
thrown [s\src\hotspot\share\prims\jni.cpp, line 535]
Event: 4.350 Thread 0x000001d06aa06a60 Exception <a 'java/lang/ClassNotFoundException'{0x000000008e925d00}: com/sun/javafx/scene/control/skin/resources/controls_fr_FR> (0x000000008e925d00) 
thrown [s\src\hotspot\share\prims\jni.cpp, line 535]
Event: 4.460 Thread 0x000001d06aa06a60 Exception <a 'java/lang/NoSuchMethodError'{0x000000008e8f5c08}: 'void java.lang.invoke.DirectMethodHandle$Holder.invokeSpecial(java.lang.Object, java.lang.Object, java.lang.Object, java.lang.Object, java.lang.Object, java.lang.Object)'> (0x000000008e8f5c08) 
thrown [s\src\hotspot\share\interpreter\linkResolver.cpp, line 759]
Event: 4.467 Thread 0x000001d06aa06a60 Exception <a 'java/lang/NoSuchMethodError'{0x000000008e416cd8}: 'java.lang.Object java.lang.invoke.DirectMethodHandle$Holder.invokeInterface(java.lang.Object, java.lang.Object, java.lang.Object)'> (0x000000008e416cd8) 
thrown [s\src\hotspot\share\interpreter\linkResolver.cpp, line 759]
Event: 4.468 Thread 0x000001d06aa06a60 Exception <a 'java/lang/IncompatibleClassChangeError'{0x000000008e41a660}: Found class java.lang.Object, but interface was expected> (0x000000008e41a660) 
thrown [s\src\hotspot\share\interpreter\linkResolver.cpp, line 826]
Event: 6.078 Thread 0x000001d06aa06a60 Exception <a 'java/lang/NoSuchMethodError'{0x000000008e360280}: 'java.lang.Object java.lang.invoke.DirectMethodHandle$Holder.newInvokeSpecial(java.lang.Object, java.lang.Object, int)'> (0x000000008e360280) 
thrown [s\src\hotspot\share\interpreter\linkResolver.cpp, line 759]

VM Operations (20 events):
Event: 3.658 Executing VM operation: CollectForMetadataAllocation
Event: 3.681 Executing VM operation: CollectForMetadataAllocation done
Event: 3.687 Executing VM operation: G1Concurrent
Event: 3.691 Executing VM operation: G1Concurrent done
Event: 3.696 Executing VM operation: G1Concurrent
Event: 3.698 Executing VM operation: G1Concurrent done
Event: 3.917 Executing VM operation: HandshakeAllThreads
Event: 3.917 Executing VM operation: HandshakeAllThreads done
Event: 4.326 Executing VM operation: G1CollectForAllocation
Event: 4.341 Executing VM operation: G1CollectForAllocation done
Event: 4.456 Executing VM operation: HandshakeAllThreads
Event: 4.456 Executing VM operation: HandshakeAllThreads done
Event: 4.858 Executing VM operation: G1CollectForAllocation
Event: 4.863 Executing VM operation: G1CollectForAllocation done
Event: 5.299 Executing VM operation: ICBufferFull
Event: 5.299 Executing VM operation: ICBufferFull done
Event: 5.569 Executing VM operation: G1CollectForAllocation
Event: 5.580 Executing VM operation: G1CollectForAllocation done
Event: 5.906 Executing VM operation: G1CollectForAllocation
Event: 5.920 Executing VM operation: G1CollectForAllocation done

Events (20 events):
Event: 5.027 loading class jdk/internal/icu/impl/ICUBinary$Authenticate done
Event: 5.027 loading class jdk/internal/icu/impl/UBiDiProps$IsAcceptable done
Event: 5.027 loading class jdk/internal/icu/impl/Trie2_16
Event: 5.027 loading class jdk/internal/icu/impl/Trie2
Event: 5.027 loading class jdk/internal/icu/impl/Trie2 done
Event: 5.027 loading class jdk/internal/icu/impl/Trie2_16 done
Event: 5.027 loading class jdk/internal/icu/impl/Trie2$1
Event: 5.028 loading class jdk/internal/icu/impl/Trie2$ValueMapper
Event: 5.028 loading class jdk/internal/icu/impl/Trie2$ValueMapper done
Event: 5.028 loading class jdk/internal/icu/impl/Trie2$1 done
Event: 5.028 loading class jdk/internal/icu/impl/Trie2$UTrie2Header
Event: 5.028 loading class jdk/internal/icu/impl/Trie2$UTrie2Header done
Event: 5.034 loading class jdk/internal/icu/text/UTF16
Event: 5.035 loading class jdk/internal/icu/text/UTF16 done
Event: 5.035 loading class jdk/internal/icu/text/BidiLine
Event: 5.035 loading class jdk/internal/icu/text/BidiLine done
Event: 6.136 loading class java/util/WeakHashMap$EntrySet
Event: 6.136 loading class java/util/WeakHashMap$EntrySet done
Event: 6.137 loading class java/util/WeakHashMap$EntryIterator
Event: 6.137 loading class java/util/WeakHashMap$EntryIterator done


Dynamic libraries:
0x00007ff7b5200000 - 0x00007ff7b520e000 	C:\Program Files (x86)\eclipse-java-2022-09-R-win32-x86_64\eclipse\plugins\org.eclipse.justj.openjdk.hotspot.jre.full.win32.x86_64_17.0.4.v20220903-1038\jre\bin\javaw.exe
0x00007ff94c020000 - 0x00007ff94c229000 	C:\Windows\SYSTEM32\ntdll.dll
0x00007ff94a930000 - 0x00007ff94a9ed000 	C:\Windows\System32\KERNEL32.DLL
0x00007ff949850000 - 0x00007ff949bd4000 	C:\Windows\System32\KERNELBASE.dll
0x00007ff949d50000 - 0x00007ff949e61000 	C:\Windows\System32\ucrtbase.dll
0x00007ff93d6c0000 - 0x00007ff93d6d8000 	C:\Program Files (x86)\eclipse-java-2022-09-R-win32-x86_64\eclipse\plugins\org.eclipse.justj.openjdk.hotspot.jre.full.win32.x86_64_17.0.4.v20220903-1038\jre\bin\jli.dll
0x00007ff94b8f0000 - 0x00007ff94ba9d000 	C:\Windows\System32\USER32.dll
0x00007ff9495e0000 - 0x00007ff949606000 	C:\Windows\System32\win32u.dll
0x00007ff94b280000 - 0x00007ff94b2aa000 	C:\Windows\System32\GDI32.dll
0x00007ff949610000 - 0x00007ff94972e000 	C:\Windows\System32\gdi32full.dll
0x00007ff949730000 - 0x00007ff9497cd000 	C:\Windows\System32\msvcp_win.dll
0x00007ff93bfa0000 - 0x00007ff93c245000 	C:\Windows\WinSxS\amd64_microsoft.windows.common-controls_6595b64144ccf1df_6.0.22000.120_none_9d947278b86cc467\COMCTL32.dll
0x00007ff94b3a0000 - 0x00007ff94b443000 	C:\Windows\System32\msvcrt.dll
0x00007ff93e4c0000 - 0x00007ff93e4d9000 	C:\Program Files (x86)\eclipse-java-2022-09-R-win32-x86_64\eclipse\plugins\org.eclipse.justj.openjdk.hotspot.jre.full.win32.x86_64_17.0.4.v20220903-1038\jre\bin\VCRUNTIME140.dll
0x00007ff94bb70000 - 0x00007ff94bba1000 	C:\Windows\System32\IMM32.DLL
0x00007ff93ada0000 - 0x00007ff93adac000 	C:\Program Files (x86)\eclipse-java-2022-09-R-win32-x86_64\eclipse\plugins\org.eclipse.justj.openjdk.hotspot.jre.full.win32.x86_64_17.0.4.v20220903-1038\jre\bin\vcruntime140_1.dll
0x00007ff904e50000 - 0x00007ff904ee1000 	C:\Program Files (x86)\eclipse-java-2022-09-R-win32-x86_64\eclipse\plugins\org.eclipse.justj.openjdk.hotspot.jre.full.win32.x86_64_17.0.4.v20220903-1038\jre\bin\msvcp140.dll
0x00007ff8db490000 - 0x00007ff8dc0d6000 	C:\Program Files (x86)\eclipse-java-2022-09-R-win32-x86_64\eclipse\plugins\org.eclipse.justj.openjdk.hotspot.jre.full.win32.x86_64_17.0.4.v20220903-1038\jre\bin\server\jvm.dll
0x00007ff94be90000 - 0x00007ff94bf3e000 	C:\Windows\System32\ADVAPI32.dll
0x00007ff94bf40000 - 0x00007ff94bfde000 	C:\Windows\System32\sechost.dll
0x00007ff94a420000 - 0x00007ff94a541000 	C:\Windows\System32\RPCRT4.dll
0x00007ff94bbb0000 - 0x00007ff94bbb8000 	C:\Windows\System32\PSAPI.DLL
0x00007ff9410b0000 - 0x00007ff9410e3000 	C:\Windows\SYSTEM32\WINMM.dll
0x00007ff8fce20000 - 0x00007ff8fce29000 	C:\Windows\SYSTEM32\WSOCK32.dll
0x00007ff94bd30000 - 0x00007ff94bd9f000 	C:\Windows\System32\WS2_32.dll
0x00007ff941730000 - 0x00007ff94173a000 	C:\Windows\SYSTEM32\VERSION.dll
0x00007ff948610000 - 0x00007ff948628000 	C:\Windows\SYSTEM32\kernel.appcore.dll
0x00007ff93ae30000 - 0x00007ff93ae3a000 	C:\Program Files (x86)\eclipse-java-2022-09-R-win32-x86_64\eclipse\plugins\org.eclipse.justj.openjdk.hotspot.jre.full.win32.x86_64_17.0.4.v20220903-1038\jre\bin\jimage.dll
0x00007ff9378c0000 - 0x00007ff937ae1000 	C:\Windows\SYSTEM32\DBGHELP.DLL
0x00007ff937800000 - 0x00007ff937831000 	C:\Windows\SYSTEM32\dbgcore.DLL
0x00007ff9497d0000 - 0x00007ff94984f000 	C:\Windows\System32\bcryptPrimitives.dll
0x00007ff923ea0000 - 0x00007ff923ec5000 	C:\Program Files (x86)\eclipse-java-2022-09-R-win32-x86_64\eclipse\plugins\org.eclipse.justj.openjdk.hotspot.jre.full.win32.x86_64_17.0.4.v20220903-1038\jre\bin\java.dll
0x00007ff9249e0000 - 0x00007ff9249f8000 	C:\Program Files (x86)\eclipse-java-2022-09-R-win32-x86_64\eclipse\plugins\org.eclipse.justj.openjdk.hotspot.jre.full.win32.x86_64_17.0.4.v20220903-1038\jre\bin\zip.dll
0x00007ff94aab0000 - 0x00007ff94b275000 	C:\Windows\System32\SHELL32.dll
0x00007ff947590000 - 0x00007ff947df2000 	C:\Windows\SYSTEM32\windows.storage.dll
0x00007ff949e70000 - 0x00007ff94a1e6000 	C:\Windows\System32\combase.dll
0x00007ff947420000 - 0x00007ff947587000 	C:\Windows\SYSTEM32\wintypes.dll
0x00007ff94b2b0000 - 0x00007ff94b39a000 	C:\Windows\System32\SHCORE.dll
0x00007ff94a1f0000 - 0x00007ff94a24d000 	C:\Windows\System32\shlwapi.dll
0x00007ff9493e0000 - 0x00007ff949405000 	C:\Windows\SYSTEM32\profapi.dll
0x00007ff922450000 - 0x00007ff922469000 	C:\Program Files (x86)\eclipse-java-2022-09-R-win32-x86_64\eclipse\plugins\org.eclipse.justj.openjdk.hotspot.jre.full.win32.x86_64_17.0.4.v20220903-1038\jre\bin\net.dll
0x00007ff941400000 - 0x00007ff941514000 	C:\Windows\SYSTEM32\WINHTTP.dll
0x00007ff948ac0000 - 0x00007ff948b27000 	C:\Windows\system32\mswsock.dll
0x00007ff922430000 - 0x00007ff922445000 	C:\Program Files (x86)\eclipse-java-2022-09-R-win32-x86_64\eclipse\plugins\org.eclipse.justj.openjdk.hotspot.jre.full.win32.x86_64_17.0.4.v20220903-1038\jre\bin\nio.dll
0x000001d04f7c0000 - 0x000001d04f7c3000 	D:\Logiciels\openjfx-21_windows-x64_bin-sdk\javafx-sdk-21\bin\api-ms-win-core-console-l1-1-0.dll
0x000001d04f7d0000 - 0x000001d04f7d3000 	D:\Logiciels\openjfx-21_windows-x64_bin-sdk\javafx-sdk-21\bin\api-ms-win-core-console-l1-2-0.dll
0x000001d04f7e0000 - 0x000001d04f7e3000 	D:\Logiciels\openjfx-21_windows-x64_bin-sdk\javafx-sdk-21\bin\api-ms-win-core-datetime-l1-1-0.dll
0x000001d04f7f0000 - 0x000001d04f7f3000 	D:\Logiciels\openjfx-21_windows-x64_bin-sdk\javafx-sdk-21\bin\api-ms-win-core-debug-l1-1-0.dll
0x000001d04f800000 - 0x000001d04f803000 	D:\Logiciels\openjfx-21_windows-x64_bin-sdk\javafx-sdk-21\bin\api-ms-win-core-errorhandling-l1-1-0.dll
0x000001d04f810000 - 0x000001d04f814000 	D:\Logiciels\openjfx-21_windows-x64_bin-sdk\javafx-sdk-21\bin\api-ms-win-core-file-l1-1-0.dll
0x000001d04f820000 - 0x000001d04f823000 	D:\Logiciels\openjfx-21_windows-x64_bin-sdk\javafx-sdk-21\bin\api-ms-win-core-file-l1-2-0.dll
0x000001d068b70000 - 0x000001d068b73000 	D:\Logiciels\openjfx-21_windows-x64_bin-sdk\javafx-sdk-21\bin\api-ms-win-core-file-l2-1-0.dll
0x000001d068b80000 - 0x000001d068b83000 	D:\Logiciels\openjfx-21_windows-x64_bin-sdk\javafx-sdk-21\bin\api-ms-win-core-handle-l1-1-0.dll
0x000001d068b90000 - 0x000001d068b93000 	D:\Logiciels\openjfx-21_windows-x64_bin-sdk\javafx-sdk-21\bin\api-ms-win-core-heap-l1-1-0.dll
0x000001d068ba0000 - 0x000001d068ba3000 	D:\Logiciels\openjfx-21_windows-x64_bin-sdk\javafx-sdk-21\bin\api-ms-win-core-interlocked-l1-1-0.dll
0x000001d068bb0000 - 0x000001d068bb3000 	D:\Logiciels\openjfx-21_windows-x64_bin-sdk\javafx-sdk-21\bin\api-ms-win-core-libraryloader-l1-1-0.dll
0x000001d068bc0000 - 0x000001d068bc3000 	D:\Logiciels\openjfx-21_windows-x64_bin-sdk\javafx-sdk-21\bin\api-ms-win-core-localization-l1-2-0.dll
0x000001d068bd0000 - 0x000001d068bd3000 	D:\Logiciels\openjfx-21_windows-x64_bin-sdk\javafx-sdk-21\bin\api-ms-win-core-memory-l1-1-0.dll
0x000001d068be0000 - 0x000001d068be3000 	D:\Logiciels\openjfx-21_windows-x64_bin-sdk\javafx-sdk-21\bin\api-ms-win-core-namedpipe-l1-1-0.dll
0x000001d068bf0000 - 0x000001d068bf3000 	D:\Logiciels\openjfx-21_windows-x64_bin-sdk\javafx-sdk-21\bin\api-ms-win-core-processenvironment-l1-1-0.dll
0x000001d06b100000 - 0x000001d06b103000 	D:\Logiciels\openjfx-21_windows-x64_bin-sdk\javafx-sdk-21\bin\api-ms-win-core-processthreads-l1-1-0.dll
0x000001d06b110000 - 0x000001d06b113000 	D:\Logiciels\openjfx-21_windows-x64_bin-sdk\javafx-sdk-21\bin\api-ms-win-core-processthreads-l1-1-1.dll
0x000001d06b120000 - 0x000001d06b123000 	D:\Logiciels\openjfx-21_windows-x64_bin-sdk\javafx-sdk-21\bin\api-ms-win-core-profile-l1-1-0.dll
0x000001d06b270000 - 0x000001d06b273000 	D:\Logiciels\openjfx-21_windows-x64_bin-sdk\javafx-sdk-21\bin\api-ms-win-core-rtlsupport-l1-1-0.dll
0x000001d06b130000 - 0x000001d06b133000 	D:\Logiciels\openjfx-21_windows-x64_bin-sdk\javafx-sdk-21\bin\api-ms-win-core-string-l1-1-0.dll
0x000001d06b140000 - 0x000001d06b143000 	D:\Logiciels\openjfx-21_windows-x64_bin-sdk\javafx-sdk-21\bin\api-ms-win-core-synch-l1-1-0.dll
0x000001d06b150000 - 0x000001d06b153000 	D:\Logiciels\openjfx-21_windows-x64_bin-sdk\javafx-sdk-21\bin\api-ms-win-core-synch-l1-2-0.dll
0x000001d06b160000 - 0x000001d06b163000 	D:\Logiciels\openjfx-21_windows-x64_bin-sdk\javafx-sdk-21\bin\api-ms-win-core-sysinfo-l1-1-0.dll
0x000001d06b170000 - 0x000001d06b173000 	D:\Logiciels\openjfx-21_windows-x64_bin-sdk\javafx-sdk-21\bin\api-ms-win-core-timezone-l1-1-0.dll
0x000001d06b180000 - 0x000001d06b183000 	D:\Logiciels\openjfx-21_windows-x64_bin-sdk\javafx-sdk-21\bin\api-ms-win-core-util-l1-1-0.dll
0x000001d06b190000 - 0x000001d06b193000 	D:\Logiciels\openjfx-21_windows-x64_bin-sdk\javafx-sdk-21\bin\api-ms-win-crt-conio-l1-1-0.dll
0x000001d06b1a0000 - 0x000001d06b1a4000 	D:\Logiciels\openjfx-21_windows-x64_bin-sdk\javafx-sdk-21\bin\api-ms-win-crt-convert-l1-1-0.dll
0x000001d06b1b0000 - 0x000001d06b1b3000 	D:\Logiciels\openjfx-21_windows-x64_bin-sdk\javafx-sdk-21\bin\api-ms-win-crt-environment-l1-1-0.dll
0x000001d06b1c0000 - 0x000001d06b1c3000 	D:\Logiciels\openjfx-21_windows-x64_bin-sdk\javafx-sdk-21\bin\api-ms-win-crt-filesystem-l1-1-0.dll
0x000001d06b1d0000 - 0x000001d06b1d3000 	D:\Logiciels\openjfx-21_windows-x64_bin-sdk\javafx-sdk-21\bin\api-ms-win-crt-heap-l1-1-0.dll
0x000001d06b1e0000 - 0x000001d06b1e3000 	D:\Logiciels\openjfx-21_windows-x64_bin-sdk\javafx-sdk-21\bin\api-ms-win-crt-locale-l1-1-0.dll
0x000001d06b1f0000 - 0x000001d06b1f5000 	D:\Logiciels\openjfx-21_windows-x64_bin-sdk\javafx-sdk-21\bin\api-ms-win-crt-math-l1-1-0.dll
0x000001d06b200000 - 0x000001d06b205000 	D:\Logiciels\openjfx-21_windows-x64_bin-sdk\javafx-sdk-21\bin\api-ms-win-crt-multibyte-l1-1-0.dll
0x000001d06b210000 - 0x000001d06b220000 	D:\Logiciels\openjfx-21_windows-x64_bin-sdk\javafx-sdk-21\bin\api-ms-win-crt-private-l1-1-0.dll
0x000001d06b220000 - 0x000001d06b223000 	D:\Logiciels\openjfx-21_windows-x64_bin-sdk\javafx-sdk-21\bin\api-ms-win-crt-process-l1-1-0.dll
0x000001d06b230000 - 0x000001d06b234000 	D:\Logiciels\openjfx-21_windows-x64_bin-sdk\javafx-sdk-21\bin\api-ms-win-crt-runtime-l1-1-0.dll
0x000001d06b240000 - 0x000001d06b244000 	D:\Logiciels\openjfx-21_windows-x64_bin-sdk\javafx-sdk-21\bin\api-ms-win-crt-stdio-l1-1-0.dll
0x000001d06b250000 - 0x000001d06b254000 	D:\Logiciels\openjfx-21_windows-x64_bin-sdk\javafx-sdk-21\bin\api-ms-win-crt-string-l1-1-0.dll
0x000001d06b260000 - 0x000001d06b263000 	D:\Logiciels\openjfx-21_windows-x64_bin-sdk\javafx-sdk-21\bin\api-ms-win-crt-time-l1-1-0.dll
0x000001d06b5f0000 - 0x000001d06b5f3000 	D:\Logiciels\openjfx-21_windows-x64_bin-sdk\javafx-sdk-21\bin\api-ms-win-crt-utility-l1-1-0.dll
0x00007ff903010000 - 0x00007ff90310c000 	D:\Logiciels\openjfx-21_windows-x64_bin-sdk\javafx-sdk-21\bin\ucrtbase.dll
0x00007ff917ea0000 - 0x00007ff917ebb000 	D:\Logiciels\openjfx-21_windows-x64_bin-sdk\javafx-sdk-21\bin\vcruntime140.dll
0x00007ff929f40000 - 0x00007ff929f4c000 	D:\Logiciels\openjfx-21_windows-x64_bin-sdk\javafx-sdk-21\bin\vcruntime140_1.dll
0x00007ff9050d0000 - 0x00007ff90515e000 	D:\Logiciels\openjfx-21_windows-x64_bin-sdk\javafx-sdk-21\bin\msvcp140.dll
0x00007ff94a250000 - 0x00007ff94a3ea000 	C:\Windows\System32\ole32.dll
0x00007ff929390000 - 0x00007ff929399000 	D:\Logiciels\openjfx-21_windows-x64_bin-sdk\javafx-sdk-21\bin\msvcp140_1.dll
0x00007ff917c30000 - 0x00007ff917c5f000 	D:\Logiciels\openjfx-21_windows-x64_bin-sdk\javafx-sdk-21\bin\msvcp140_2.dll
0x00007ff90e610000 - 0x00007ff90e63f000 	D:\Logiciels\openjfx-21_windows-x64_bin-sdk\javafx-sdk-21\bin\prism_d3d.dll
0x00007ff8fab90000 - 0x00007ff8fad36000 	C:\Windows\system32\d3d9.dll
0x00007ff946ae0000 - 0x00007ff946b0f000 	C:\Windows\SYSTEM32\dwmapi.dll
0x00007ff946950000 - 0x00007ff946988000 	C:\Windows\SYSTEM32\dxcore.dll
0x00007ff946850000 - 0x00007ff9468fc000 	C:\Windows\system32\uxtheme.dll
0x00007ff940f40000 - 0x00007ff9410a7000 	C:\Windows\SYSTEM32\aticfx64.dll
0x00007ff910120000 - 0x00007ff910141000 	C:\Windows\SYSTEM32\atiu9p64.dll
0x00007ff8fa330000 - 0x00007ff8fab89000 	C:\Windows\SYSTEM32\atiumd64.dll
0x000000006d770000 - 0x000000006dff8000 	C:\Windows\SYSTEM32\atiumd6a.dll
0x00007ff947e10000 - 0x00007ff947e5d000 	C:\Windows\SYSTEM32\POWRPROF.dll
0x00007ff947f00000 - 0x00007ff947f13000 	C:\Windows\SYSTEM32\UMPDC.dll
0x00007ff944ba0000 - 0x00007ff944be4000 	C:\Windows\SYSTEM32\directxdatabasehelper.dll
0x00007ff948630000 - 0x00007ff948664000 	C:\Windows\SYSTEM32\ntmarta.dll
0x00007ff90c630000 - 0x00007ff90c672000 	D:\Logiciels\openjfx-21_windows-x64_bin-sdk\javafx-sdk-21\bin\glass.dll
0x00007ff94a710000 - 0x00007ff94a7fc000 	C:\Windows\System32\COMDLG32.dll
0x00007ff94bc50000 - 0x00007ff94bd26000 	C:\Windows\System32\OLEAUT32.dll
0x00007ff945360000 - 0x00007ff945366000 	C:\Program Files\ESET\ESET Security\eplgHooks.dll
0x00007ff94a800000 - 0x00007ff94a91d000 	C:\Windows\System32\MSCTF.dll
0x00007ff9051f0000 - 0x00007ff905204000 	D:\Logiciels\openjfx-21_windows-x64_bin-sdk\javafx-sdk-21\bin\javafx_font.dll
0x00007ff91ca20000 - 0x00007ff91cc7f000 	C:\Windows\SYSTEM32\dwrite.dll
0x00007ff945190000 - 0x00007ff9451a0000 	C:\Program Files (x86)\eclipse-java-2022-09-R-win32-x86_64\eclipse\plugins\org.eclipse.justj.openjdk.hotspot.jre.full.win32.x86_64_17.0.4.v20220903-1038\jre\bin\verify.dll
0x00007ff9480e0000 - 0x00007ff9481c7000 	C:\Windows\SYSTEM32\DNSAPI.dll
0x00007ff9480b0000 - 0x00007ff9480dd000 	C:\Windows\SYSTEM32\IPHLPAPI.DLL
0x00007ff94a3f0000 - 0x00007ff94a3f9000 	C:\Windows\System32\NSI.dll
0x00007ff9398f0000 - 0x00007ff9398fa000 	C:\Windows\System32\rasadhlp.dll
0x00007ff93f620000 - 0x00007ff93f6a1000 	C:\Windows\System32\fwpuclnt.dll
0x00007ff94aa00000 - 0x00007ff94aaaf000 	C:\Windows\System32\clbcatq.dll
0x00007ff943500000 - 0x00007ff9436ae000 	C:\Windows\SYSTEM32\WindowsCodecs.dll
0x00007ff922560000 - 0x00007ff9225bd000 	C:\Windows\system32\dataexchange.dll
0x00007ff943040000 - 0x00007ff9432a5000 	C:\Windows\system32\twinapi.appcore.dll
0x00007ff9051b0000 - 0x00007ff9051e2000 	C:\Program Files\Common Files\Microsoft Shared\Ink\rtscom.dll
0x00007ff929990000 - 0x00007ff929abc000 	C:\Windows\SYSTEM32\textinputframework.dll
0x00007ff9464a0000 - 0x00007ff9465d1000 	C:\Windows\SYSTEM32\CoreMessaging.dll
0x00007ff944370000 - 0x00007ff9446dd000 	C:\Windows\SYSTEM32\CoreUIComponents.dll
0x00007ff948d20000 - 0x00007ff948d2c000 	C:\Windows\SYSTEM32\CRYPTBASE.DLL

dbghelp: loaded successfully - version: 4.0.5 - missing functions: none
symbol engine: initialized successfully - sym options: 0x614 - pdb path: .;C:\Program Files (x86)\eclipse-java-2022-09-R-win32-x86_64\eclipse\plugins\org.eclipse.justj.openjdk.hotspot.jre.full.win32.x86_64_17.0.4.v20220903-1038\jre\bin;C:\Windows\SYSTEM32;C:\Windows\WinSxS\amd64_microsoft.windows.common-controls_6595b64144ccf1df_6.0.22000.120_none_9d947278b86cc467;C:\Program Files (x86)\eclipse-java-2022-09-R-win32-x86_64\eclipse\plugins\org.eclipse.justj.openjdk.hotspot.jre.full.win32.x86_64_17.0.4.v20220903-1038\jre\bin\server;D:\Logiciels\openjfx-21_windows-x64_bin-sdk\javafx-sdk-21\bin;C:\Program Files\ESET\ESET Security;C:\Program Files\Common Files\Microsoft Shared\Ink

VM Arguments:
jvm_args: -Dfile.encoding=UTF-8 --module-path=C:\Users\Sonny\eclipse-workspace\CWS_Application\bin;C:\Users\Sonny\.eclipse\org.eclipse.platform_4.25.0_532734418_win32_win32_x86_64\plugins\org.eclipse.fx.ide.css.jfx8_3.8.0.202204150904.jar;D:\Logiciels\openjfx-21_windows-x64_bin-sdk\javafx-sdk-21\lib\javafx.base.jar;D:\Logiciels\openjfx-21_windows-x64_bin-sdk\javafx-sdk-21\lib\javafx.controls.jar;D:\Logiciels\openjfx-21_windows-x64_bin-sdk\javafx-sdk-21\lib\javafx.fxml.jar;D:\Logiciels\openjfx-21_windows-x64_bin-sdk\javafx-sdk-21\lib\javafx.graphics.jar;D:\Logiciels\openjfx-21_windows-x64_bin-sdk\javafx-sdk-21\lib\javafx.media.jar;D:\Logiciels\openjfx-21_windows-x64_bin-sdk\javafx-sdk-21\lib\javafx.swing.jar;D:\Logiciels\openjfx-21_windows-x64_bin-sdk\javafx-sdk-21\lib\javafx.web.jar;D:\Logiciels\openjfx-21_windows-x64_bin-sdk\javafx-sdk-21\lib\javafx-swt.jar;C:\Users\Sonny\Downloads\Desktop-Gmail-application-in-JavaFX-master\Desktop-Gmail-application-in-JavaFX-master\Desktop Gmail Apllication\src\desktop\gmail\apllication\libs\activation.jar;C:\Users\Sonny\Downloads\Desktop-Gmail-application-in-JavaFX-master\Desktop-Gmail-application-in-JavaFX-master\Desktop Gmail Apllication\src\desktop\gmail\apllication\libs\javax.mail.jar;C:\Users\Sonny\Downloads\bytes-1.6.1.jar;C:\Users\Sonny\Downloads\bcrypt-0.10.2.jar;D:\Documents\JavaFX Jar Files\com.mysql.jdbc_5.1.5.jar;D:\Documents\JavaFX Jar Files\itextpdf-5.5.13.3.jar;D:\Documents\JavaFX Font_Awesome\fontawesomefx-8.9.jar;D:\Documents\JavaFX Font_Awesome\jfoenix-9.0.10.jar;D:\Documents\mysql-connector-java-5.1.47\mysql-connector-java-5.1.47\mysql-connector-java-5.1.47-bin.jar -XX:+ShowCodeDetailsInExceptionMessages -Djdk.module.main=CWS_Application 
java_command: CWS_Application/application.Main
java_class_path (initial): <not set>
Launcher Type: SUN_STANDARD

[Global flags]
     intx CICompilerCount                          = 3                                         {product} {ergonomic}
     uint ConcGCThreads                            = 1                                         {product} {ergonomic}
     uint G1ConcRefinementThreads                  = 4                                         {product} {ergonomic}
   size_t G1HeapRegionSize                         = 1048576                                   {product} {ergonomic}
    uintx GCDrainStackTargetSize                   = 64                                        {product} {ergonomic}
   size_t InitialHeapSize                          = 125829120                                 {product} {ergonomic}
   size_t MarkStackSize                            = 4194304                                   {product} {ergonomic}
   size_t MaxHeapSize                              = 2009071616                                {product} {ergonomic}
   size_t MaxNewSize                               = 1204813824                                {product} {ergonomic}
   size_t MinHeapDeltaBytes                        = 1048576                                   {product} {ergonomic}
   size_t MinHeapSize                              = 8388608                                   {product} {ergonomic}
    uintx NonNMethodCodeHeapSize                   = 5832780                                {pd product} {ergonomic}
    uintx NonProfiledCodeHeapSize                  = 122912730                              {pd product} {ergonomic}
    uintx ProfiledCodeHeapSize                     = 122912730                              {pd product} {ergonomic}
    uintx ReservedCodeCacheSize                    = 251658240                              {pd product} {ergonomic}
     bool SegmentedCodeCache                       = true                                      {product} {ergonomic}
     bool ShowCodeDetailsInExceptionMessages       = true                                   {manageable} {command line}
   size_t SoftMaxHeapSize                          = 2009071616                             {manageable} {ergonomic}
     bool UseCompressedClassPointers               = true                           {product lp64_product} {ergonomic}
     bool UseCompressedOops                        = true                           {product lp64_product} {ergonomic}
     bool UseG1GC                                  = true                                      {product} {ergonomic}
     bool UseLargePagesIndividualAllocation        = false                                  {pd product} {ergonomic}

Logging:
Log output configuration:
 #0: stdout all=warning uptime,level,tags
 #1: stderr all=off uptime,level,tags

Environment Variables:
JAVA_HOME=C:\Program Files\Java\jdk-19
PATH=C:/Program Files (x86)/eclipse-java-2022-09-R-win32-x86_64/eclipse//plugins/org.eclipse.justj.openjdk.hotspot.jre.full.win32.x86_64_17.0.4.v20220903-1038/jre/bin/server;C:/Program Files (x86)/eclipse-java-2022-09-R-win32-x86_64/eclipse//plugins/org.eclipse.justj.openjdk.hotspot.jre.full.win32.x86_64_17.0.4.v20220903-1038/jre/bin;C:\Users\Sonny\AppData\Local\Programs\Python\Python312\Scripts\;C:\Users\Sonny\AppData\Local\Programs\Python\Python312\;C:\Program Files (x86)\NVIDIA Corporation\PhysX\Common;C:\Program Files\Common Files\Oracle\Java\javapath;C:\Program Files (x86)\Common Files\Intel\Shared Libraries\redist\intel64\compiler;C:\Windows\system32;C:\Windows;C:\Windows\System32\Wbem;C:\Windows\System32\WindowsPowerShell\v1.0\;C:\Windows\System32\OpenSSH\;C:\Program Files\Java\jdk-19\bin;C:\Program Files\Microsoft SQL Server\110\Tools\Binn\;C:\Program Files (x86)\ATI Technologies\ATI.ACE\Core-Static;C:\Program Files\Docker\Docker\resources\bin;C:\Program Files\Git\cmd;C:\Program Files\nodejs\;C:\Program Files\PowerShell\7\;C:\ProgramData\chocolatey\bin;C:\Users\Sonny\AppData\Local\Microsoft\WindowsApps;C:\Users\Sonny\AppData\Local\Programs\Microsoft VS Code\bin;C:\Users\Sonny\flutter_windows_3.13.6-stable\flutter\bin;C:\Users\Sonny\apache-maven-3.9.5-bin\apache-maven-3.9.5\bin;C:\Users\Sonny\openjfx-21_windows-x64_bin-sdk\javafx-sdk-21\bin;C:\Users\Sonny\AppData\Roaming\npm;C:\Users\Sonny\AppData\Local\Programs\oh-my-posh\bin;C:\Gradle\gradle-8.5\bin;;C:\Program Files (x86)\eclipse-java-2022-09-R-win32-x86_64\eclipse;
USERNAME=Sonny
OS=Windows_NT
PROCESSOR_IDENTIFIER=AMD64 Family 18 Model 1 Stepping 0, AuthenticAMD
TMP=C:\Users\Sonny\AppData\Local\Temp
TEMP=C:\Users\Sonny\AppData\Local\Temp



---------------  S Y S T E M  ---------------

OS:
 Windows 11 , 64 bit Build 22000 (10.0.22000.2538)
OS uptime: 0 days 21:26 hours
Hyper-V role detected

CPU: total 4 (initial active 4) (4 cores per cpu, 1 threads per core) family 18 model 1 stepping 0 microcode 0x0, cx8, cmov, fxsr, mmx, 3dnowpref, sse, sse2, sse3, sse4a, popcnt, lzcnt, tsc, tscinvbit, clflush, hv

Memory: 4k page, system-wide physical 7657M (1749M free)
TotalPageFile size 14569M (AvailPageFile size 6622M)
current process WorkingSet (physical memory assigned to process): 136M, peak: 147M
current process commit charge ("private bytes"): 212M, peak: 258M

vm_info: OpenJDK 64-Bit Server VM (17.0.4.1+1) for windows-amd64 JRE (17.0.4.1+1), built on Aug 17 2022 07:42:43 by "temurin" with MS VC++ 16.7 (VS2019)

END.
